c:\users\dannu\workspace\veryvanilla\mq2dan\mq2dannet\deps\libzmq\release\libzmq.pdb
c:\users\dannu\workspace\veryvanilla\mq2dan\mq2dannet\deps\libzmq\release\tweetnacl.obj
c:\users\dannu\workspace\veryvanilla\mq2dan\mq2dannet\deps\libzmq\release\curve_mechanism_base.obj
c:\users\dannu\workspace\veryvanilla\mq2dan\mq2dannet\deps\libzmq\release\ip_resolver.obj
c:\users\dannu\workspace\veryvanilla\mq2dan\mq2dannet\deps\libzmq\release\pgm_receiver.obj
c:\users\dannu\workspace\veryvanilla\mq2dan\mq2dannet\deps\libzmq\release\pull.obj
c:\users\dannu\workspace\veryvanilla\mq2dan\mq2dannet\deps\libzmq\release\stream_engine.obj
c:\users\dannu\workspace\veryvanilla\mq2dan\mq2dannet\deps\libzmq\release\v2_decoder.obj
c:\users\dannu\workspace\veryvanilla\mq2dan\mq2dannet\deps\libzmq\release\address.obj
c:\users\dannu\workspace\veryvanilla\mq2dan\mq2dannet\deps\libzmq\release\gssapi_server.obj
c:\users\dannu\workspace\veryvanilla\mq2dan\mq2dannet\deps\libzmq\release\norm_engine.obj
c:\users\dannu\workspace\veryvanilla\mq2dan\mq2dannet\deps\libzmq\release\poller_base.obj
c:\users\dannu\workspace\veryvanilla\mq2dan\mq2dannet\deps\libzmq\release\socks_connecter.obj
c:\users\dannu\workspace\veryvanilla\mq2dan\mq2dannet\deps\libzmq\release\udp_address.obj
c:\users\dannu\workspace\veryvanilla\mq2dan\mq2dannet\deps\libzmq\release\curve_client.obj
c:\users\dannu\workspace\veryvanilla\mq2dan\mq2dannet\deps\libzmq\release\io_thread.obj
c:\users\dannu\workspace\veryvanilla\mq2dan\mq2dannet\deps\libzmq\release\pair.obj
c:\users\dannu\workspace\veryvanilla\mq2dan\mq2dannet\deps\libzmq\release\raw_encoder.obj
c:\users\dannu\workspace\veryvanilla\mq2dan\mq2dannet\deps\libzmq\release\stream.obj
c:\users\dannu\workspace\veryvanilla\mq2dan\mq2dannet\deps\libzmq\release\v1_decoder.obj
c:\users\dannu\workspace\veryvanilla\mq2dan\mq2dannet\deps\libzmq\release\curve_server.obj
c:\users\dannu\workspace\veryvanilla\mq2dan\mq2dannet\deps\libzmq\release\gather.obj
c:\users\dannu\workspace\veryvanilla\mq2dan\mq2dannet\deps\libzmq\release\object.obj
c:\users\dannu\workspace\veryvanilla\mq2dan\mq2dannet\deps\libzmq\release\raw_decoder.obj
c:\users\dannu\workspace\veryvanilla\mq2dan\mq2dannet\deps\libzmq\release\socket_base.obj
c:\users\dannu\workspace\veryvanilla\mq2dan\mq2dannet\deps\libzmq\release\vmci.obj
c:\users\dannu\workspace\veryvanilla\mq2dan\mq2dannet\deps\libzmq\release\dealer.obj
c:\users\dannu\workspace\veryvanilla\mq2dan\mq2dannet\deps\libzmq\release\mechanism.obj
c:\users\dannu\workspace\veryvanilla\mq2dan\mq2dannet\deps\libzmq\release\plain_server.obj
c:\users\dannu\workspace\veryvanilla\mq2dan\mq2dannet\deps\libzmq\release\req.obj
c:\users\dannu\workspace\veryvanilla\mq2dan\mq2dannet\deps\libzmq\release\tcp_connecter.obj
c:\users\dannu\workspace\veryvanilla\mq2dan\mq2dannet\deps\libzmq\release\vmci_connecter.obj
c:\users\dannu\workspace\veryvanilla\mq2dan\mq2dannet\deps\libzmq\release\decoder_allocators.obj
c:\users\dannu\workspace\veryvanilla\mq2dan\mq2dannet\deps\libzmq\release\ipc_address.obj
c:\users\dannu\workspace\veryvanilla\mq2dan\mq2dannet\deps\libzmq\release\own.obj
c:\users\dannu\workspace\veryvanilla\mq2dan\mq2dannet\deps\libzmq\release\reaper.obj
c:\users\dannu\workspace\veryvanilla\mq2dan\mq2dannet\deps\libzmq\release\tcp.obj
c:\users\dannu\workspace\veryvanilla\mq2dan\mq2dannet\deps\libzmq\release\v1_encoder.obj
c:\users\dannu\workspace\veryvanilla\mq2dan\mq2dannet\deps\libzmq\release\err.obj
c:\users\dannu\workspace\veryvanilla\mq2dan\mq2dannet\deps\libzmq\release\ip.obj
c:\users\dannu\workspace\veryvanilla\mq2dan\mq2dannet\deps\libzmq\release\metadata.obj
c:\users\dannu\workspace\veryvanilla\mq2dan\mq2dannet\deps\libzmq\release\poll.obj
c:\users\dannu\workspace\veryvanilla\mq2dan\mq2dannet\deps\libzmq\release\select.obj
c:\users\dannu\workspace\veryvanilla\mq2dan\mq2dannet\deps\libzmq\release\thread.obj
c:\users\dannu\workspace\veryvanilla\mq2dan\mq2dannet\deps\libzmq\release\xsub.obj
c:\users\dannu\workspace\veryvanilla\mq2dan\mq2dannet\deps\libzmq\release\dgram.obj
c:\users\dannu\workspace\veryvanilla\mq2dan\mq2dannet\deps\libzmq\release\kqueue.obj
c:\users\dannu\workspace\veryvanilla\mq2dan\mq2dannet\deps\libzmq\release\pipe.obj
c:\users\dannu\workspace\veryvanilla\mq2dan\mq2dannet\deps\libzmq\release\radio.obj
c:\users\dannu\workspace\veryvanilla\mq2dan\mq2dannet\deps\libzmq\release\sub.obj
c:\users\dannu\workspace\veryvanilla\mq2dan\mq2dannet\deps\libzmq\release\v2_encoder.obj
c:\users\dannu\workspace\veryvanilla\mq2dan\mq2dannet\deps\libzmq\release\epoll.obj
c:\users\dannu\workspace\veryvanilla\mq2dan\mq2dannet\deps\libzmq\release\gssapi_client.obj
c:\users\dannu\workspace\veryvanilla\mq2dan\mq2dannet\deps\libzmq\release\mechanism_base.obj
c:\users\dannu\workspace\veryvanilla\mq2dan\mq2dannet\deps\libzmq\release\precompiled.obj
c:\users\dannu\workspace\veryvanilla\mq2dan\mq2dannet\deps\libzmq\release\server.obj
c:\users\dannu\workspace\veryvanilla\mq2dan\mq2dannet\deps\libzmq\release\timers.obj
c:\users\dannu\workspace\veryvanilla\mq2dan\mq2dannet\deps\libzmq\release\clock.obj
c:\users\dannu\workspace\veryvanilla\mq2dan\mq2dannet\deps\libzmq\release\ipc_connecter.obj
c:\users\dannu\workspace\veryvanilla\mq2dan\mq2dannet\deps\libzmq\release\mtrie.obj
c:\users\dannu\workspace\veryvanilla\mq2dan\mq2dannet\deps\libzmq\release\pollset.obj
c:\users\dannu\workspace\veryvanilla\mq2dan\mq2dannet\deps\libzmq\release\router.obj
c:\users\dannu\workspace\veryvanilla\mq2dan\mq2dannet\deps\libzmq\release\tipc_address.obj
c:\users\dannu\workspace\veryvanilla\mq2dan\mq2dannet\deps\libzmq\release\vmci_listener.obj
c:\users\dannu\workspace\veryvanilla\mq2dan\mq2dannet\deps\libzmq\release\fq.obj
c:\users\dannu\workspace\veryvanilla\mq2dan\mq2dannet\deps\libzmq\release\ipc_listener.obj
c:\users\dannu\workspace\veryvanilla\mq2dan\mq2dannet\deps\libzmq\release\msg.obj
c:\users\dannu\workspace\veryvanilla\mq2dan\mq2dannet\deps\libzmq\release\polling_util.obj
c:\users\dannu\workspace\veryvanilla\mq2dan\mq2dannet\deps\libzmq\release\scatter.obj
c:\users\dannu\workspace\veryvanilla\mq2dan\mq2dannet\deps\libzmq\release\trie.obj
c:\users\dannu\workspace\veryvanilla\mq2dan\mq2dannet\deps\libzmq\release\zap_client.obj
c:\users\dannu\workspace\veryvanilla\mq2dan\mq2dannet\deps\libzmq\release\devpoll.obj
c:\users\dannu\workspace\veryvanilla\mq2dan\mq2dannet\deps\libzmq\release\gssapi_mechanism_base.obj
c:\users\dannu\workspace\veryvanilla\mq2dan\mq2dannet\deps\libzmq\release\options.obj
c:\users\dannu\workspace\veryvanilla\mq2dan\mq2dannet\deps\libzmq\release\push.obj
c:\users\dannu\workspace\veryvanilla\mq2dan\mq2dannet\deps\libzmq\release\socket_poller.obj
c:\users\dannu\workspace\veryvanilla\mq2dan\mq2dannet\deps\libzmq\release\tipc_connecter.obj
c:\users\dannu\workspace\veryvanilla\mq2dan\mq2dannet\deps\libzmq\release\xpub.obj
c:\users\dannu\workspace\veryvanilla\mq2dan\mq2dannet\deps\libzmq\release\dist.obj
c:\users\dannu\workspace\veryvanilla\mq2dan\mq2dannet\deps\libzmq\release\io_object.obj
c:\users\dannu\workspace\veryvanilla\mq2dan\mq2dannet\deps\libzmq\release\pgm_sender.obj
c:\users\dannu\workspace\veryvanilla\mq2dan\mq2dannet\deps\libzmq\release\pub.obj
c:\users\dannu\workspace\veryvanilla\mq2dan\mq2dannet\deps\libzmq\release\session_base.obj
c:\users\dannu\workspace\veryvanilla\mq2dan\mq2dannet\deps\libzmq\release\udp_engine.obj
c:\users\dannu\workspace\veryvanilla\mq2dan\mq2dannet\deps\libzmq\release\dish.obj
c:\users\dannu\workspace\veryvanilla\mq2dan\mq2dannet\deps\libzmq\release\lb.obj
c:\users\dannu\workspace\veryvanilla\mq2dan\mq2dannet\deps\libzmq\release\null_mechanism.obj
c:\users\dannu\workspace\veryvanilla\mq2dan\mq2dannet\deps\libzmq\release\random.obj
c:\users\dannu\workspace\veryvanilla\mq2dan\mq2dannet\deps\libzmq\release\signaler.obj
c:\users\dannu\workspace\veryvanilla\mq2dan\mq2dannet\deps\libzmq\release\tipc_listener.obj
c:\users\dannu\workspace\veryvanilla\mq2dan\mq2dannet\deps\libzmq\release\zmq_utils.obj
c:\users\dannu\workspace\veryvanilla\mq2dan\mq2dannet\deps\libzmq\release\ctx.obj
c:\users\dannu\workspace\veryvanilla\mq2dan\mq2dannet\deps\libzmq\release\mailbox_safe.obj
c:\users\dannu\workspace\veryvanilla\mq2dan\mq2dannet\deps\libzmq\release\plain_client.obj
c:\users\dannu\workspace\veryvanilla\mq2dan\mq2dannet\deps\libzmq\release\rep.obj
c:\users\dannu\workspace\veryvanilla\mq2dan\mq2dannet\deps\libzmq\release\tcp_address.obj
c:\users\dannu\workspace\veryvanilla\mq2dan\mq2dannet\deps\libzmq\release\vmci_address.obj
c:\users\dannu\workspace\veryvanilla\mq2dan\mq2dannet\deps\libzmq\release\client.obj
c:\users\dannu\workspace\veryvanilla\mq2dan\mq2dannet\deps\libzmq\release\mailbox.obj
c:\users\dannu\workspace\veryvanilla\mq2dan\mq2dannet\deps\libzmq\release\pgm_socket.obj
c:\users\dannu\workspace\veryvanilla\mq2dan\mq2dannet\deps\libzmq\release\proxy.obj
c:\users\dannu\workspace\veryvanilla\mq2dan\mq2dannet\deps\libzmq\release\socks.obj
c:\users\dannu\workspace\veryvanilla\mq2dan\mq2dannet\deps\libzmq\release\tcp_listener.obj
c:\users\dannu\workspace\veryvanilla\mq2dan\mq2dannet\deps\libzmq\release\zmq.obj
c:\users\dannu\workspace\veryvanilla\mq2dan\mq2dannet\libzmq.lib
c:\users\dannu\workspace\veryvanilla\mq2dan\mq2dannet\deps\libzmq\..\..\libzmq.lib
c:\users\dannu\workspace\veryvanilla\mq2dan\mq2dannet\deps\libzmq\release\libzmq.tlog\cl.command.1.tlog
c:\users\dannu\workspace\veryvanilla\mq2dan\mq2dannet\deps\libzmq\release\libzmq.tlog\cl.read.1.tlog
c:\users\dannu\workspace\veryvanilla\mq2dan\mq2dannet\deps\libzmq\release\libzmq.tlog\cl.write.1.tlog
c:\users\dannu\workspace\veryvanilla\mq2dan\mq2dannet\deps\libzmq\release\libzmq.tlog\lib-link.read.1.tlog
c:\users\dannu\workspace\veryvanilla\mq2dan\mq2dannet\deps\libzmq\release\libzmq.tlog\lib-link.write.1.tlog
c:\users\dannu\workspace\veryvanilla\mq2dan\mq2dannet\deps\libzmq\release\libzmq.tlog\lib.command.1.tlog
