  czmq_private_selftest.c
  zactor.c
  zargs.c
  zarmour.c
  zauth.c
  zbeacon.c
  zcert.c
  zcertstore.c
  zchunk.c
  zclock.c
  zconfig.c
  zdigest.c
  zdir.c
  zdir_patch.c
  zfile.c
  zframe.c
c:\users\dannu\workspace\veryvanilla\mq2dan\mq2dannet\deps\libczmq\src\zargs.c(234): warning C4047: 'return': 'bool' differs in levels of indirection from 'void *'
  zgossip.c
  zgossip_msg.c
  zhash.c
  zhashx.c
  ziflist.c
  zlist.c
  zlistx.c
  zloop.c
  zmakecert.c
  zmonitor.c
  zmsg.c
  zpoller.c
  zproc.c
  zproxy.c
  zrex.c
  zsock.c
  zsp.c
  zstr.c
  zsys.c
  ztimerset.c
  ztrie.c
  zuuid.c
c:\users\dannu\workspace\veryvanilla\mq2dan\mq2dannet\deps\libczmq\src\zproc.c(1282): warning C4244: '=': conversion from 'int64_t' to 'int', possible loss of data
c:\users\dannu\workspace\veryvanilla\mq2dan\mq2dannet\deps\libczmq\src\zproc.c(1279): warning C4244: 'initializing': conversion from 'int64_t' to 'int', possible loss of data
c:\users\dannu\workspace\veryvanilla\mq2dan\mq2dannet\deps\libczmq\src\zsys.c(1856): warning C4244: 'function': conversion from 'double' to 'size_t', possible loss of data
c:\users\dannu\workspace\veryvanilla\mq2dan\mq2dannet\deps\libczmq\src\zsp.c(115): warning C4244: 'initializing': conversion from 'int64_t' to 'int', possible loss of data
zsp.obj : warning LNK4006: _main already defined in zsp.obj; second definition ignored
  libczmq.vcxproj -> C:\Users\dannu\workspace\VeryVanilla\MQ2Dan\MQ2DanNet\deps\libczmq\..\..\libczmq.lib
