c:\users\dannu\workspace\veryvanilla\mq2dan\mq2dannet\deps\libczmq\release\zframe.obj
c:\users\dannu\workspace\veryvanilla\mq2dan\mq2dannet\deps\libczmq\release\zlist.obj
c:\users\dannu\workspace\veryvanilla\mq2dan\mq2dannet\deps\libczmq\release\zsys.obj
c:\users\dannu\workspace\veryvanilla\mq2dan\mq2dannet\deps\libczmq\release\zdigest.obj
c:\users\dannu\workspace\veryvanilla\mq2dan\mq2dannet\deps\libczmq\release\zmakecert.obj
c:\users\dannu\workspace\veryvanilla\mq2dan\mq2dannet\deps\libczmq\release\zstr.obj
c:\users\dannu\workspace\veryvanilla\mq2dan\mq2dannet\deps\libczmq\release\zcert.obj
c:\users\dannu\workspace\veryvanilla\mq2dan\mq2dannet\deps\libczmq\release\zloop.obj
c:\users\dannu\workspace\veryvanilla\mq2dan\mq2dannet\deps\libczmq\release\zactor.obj
c:\users\dannu\workspace\veryvanilla\mq2dan\mq2dannet\deps\libczmq\release\zgossip_msg.obj
c:\users\dannu\workspace\veryvanilla\mq2dan\mq2dannet\deps\libczmq\release\zuuid.obj
c:\users\dannu\workspace\veryvanilla\mq2dan\mq2dannet\deps\libczmq\release\zdir_patch.obj
c:\users\dannu\workspace\veryvanilla\mq2dan\mq2dannet\deps\libczmq\release\zsock.obj
c:\users\dannu\workspace\veryvanilla\mq2dan\mq2dannet\deps\libczmq\release\czmq_private_selftest.obj
c:\users\dannu\workspace\veryvanilla\mq2dan\mq2dannet\deps\libczmq\release\zgossip.obj
c:\users\dannu\workspace\veryvanilla\mq2dan\mq2dannet\deps\libczmq\release\ztrie.obj
c:\users\dannu\workspace\veryvanilla\mq2dan\mq2dannet\deps\libczmq\release\zchunk.obj
c:\users\dannu\workspace\veryvanilla\mq2dan\mq2dannet\deps\libczmq\release\ziflist.obj
c:\users\dannu\workspace\veryvanilla\mq2dan\mq2dannet\deps\libczmq\release\zfile.obj
c:\users\dannu\workspace\veryvanilla\mq2dan\mq2dannet\deps\libczmq\release\zpoller.obj
c:\users\dannu\workspace\veryvanilla\mq2dan\mq2dannet\deps\libczmq\release\zcertstore.obj
c:\users\dannu\workspace\veryvanilla\mq2dan\mq2dannet\deps\libczmq\release\zproxy.obj
c:\users\dannu\workspace\veryvanilla\mq2dan\mq2dannet\deps\libczmq\release\zargs.obj
c:\users\dannu\workspace\veryvanilla\mq2dan\mq2dannet\deps\libczmq\release\zhash.obj
c:\users\dannu\workspace\veryvanilla\mq2dan\mq2dannet\deps\libczmq\release\zclock.obj
c:\users\dannu\workspace\veryvanilla\mq2dan\mq2dannet\deps\libczmq\release\zmsg.obj
c:\users\dannu\workspace\veryvanilla\mq2dan\mq2dannet\deps\libczmq\release\zconfig.obj
c:\users\dannu\workspace\veryvanilla\mq2dan\mq2dannet\deps\libczmq\release\zproc.obj
c:\users\dannu\workspace\veryvanilla\mq2dan\mq2dannet\deps\libczmq\release\zarmour.obj
c:\users\dannu\workspace\veryvanilla\mq2dan\mq2dannet\deps\libczmq\release\zlistx.obj
c:\users\dannu\workspace\veryvanilla\mq2dan\mq2dannet\deps\libczmq\release\ztimerset.obj
c:\users\dannu\workspace\veryvanilla\mq2dan\mq2dannet\deps\libczmq\release\zauth.obj
c:\users\dannu\workspace\veryvanilla\mq2dan\mq2dannet\deps\libczmq\release\zhashx.obj
c:\users\dannu\workspace\veryvanilla\mq2dan\mq2dannet\deps\libczmq\release\zsp.obj
c:\users\dannu\workspace\veryvanilla\mq2dan\mq2dannet\deps\libczmq\release\zdir.obj
c:\users\dannu\workspace\veryvanilla\mq2dan\mq2dannet\deps\libczmq\release\zrex.obj
c:\users\dannu\workspace\veryvanilla\mq2dan\mq2dannet\deps\libczmq\release\zbeacon.obj
c:\users\dannu\workspace\veryvanilla\mq2dan\mq2dannet\deps\libczmq\release\zmonitor.obj
c:\users\dannu\workspace\veryvanilla\mq2dan\mq2dannet\deps\libczmq\release\libczmq.pdb
c:\users\dannu\workspace\veryvanilla\mq2dan\mq2dannet\libczmq.lib
c:\users\dannu\workspace\veryvanilla\mq2dan\mq2dannet\deps\libczmq\..\..\libczmq.lib
c:\users\dannu\workspace\veryvanilla\mq2dan\mq2dannet\deps\libczmq\release\libczmq.tlog\cl.10444.write.1.tlog
c:\users\dannu\workspace\veryvanilla\mq2dan\mq2dannet\deps\libczmq\release\libczmq.tlog\cl.command.1.tlog
c:\users\dannu\workspace\veryvanilla\mq2dan\mq2dannet\deps\libczmq\release\libczmq.tlog\cl.read.1.tlog
c:\users\dannu\workspace\veryvanilla\mq2dan\mq2dannet\deps\libczmq\release\libczmq.tlog\lib-link.read.1.tlog
c:\users\dannu\workspace\veryvanilla\mq2dan\mq2dannet\deps\libczmq\release\libczmq.tlog\lib-link.write.1.tlog
c:\users\dannu\workspace\veryvanilla\mq2dan\mq2dannet\deps\libczmq\release\libczmq.tlog\lib.command.1.tlog
