  MQ2DanCommon.cpp
c:\users\dannu\workspace\veryvanilla\mq2dannet\mq2dannet.h(66): warning C4251: 'MQ2DanNet::Node::_node_name': class 'std::basic_string<char,std::char_traits<char>,std::allocator<char>>' needs to have dll-interface to be used by clients of class 'MQ2DanNet::Node'
  c:\program files (x86)\microsoft visual studio\2017\community\vc\tools\msvc\14.15.26726\include\xstring(4373): note: see declaration of 'std::basic_string<char,std::char_traits<char>,std::allocator<char>>'
c:\users\dannu\workspace\veryvanilla\mq2dannet\mq2dannet.h(67): warning C4251: 'MQ2DanNet::Node::_groups': class 'std::set<std::string,std::less<_Kty>,std::allocator<_Kty>>' needs to have dll-interface to be used by clients of class 'MQ2DanNet::Node'
          with
          [
              _Kty=std::string
          ]
  c:\users\dannu\workspace\veryvanilla\mq2dannet\mq2dannet.h(67): note: see declaration of 'std::set<std::string,std::less<_Kty>,std::allocator<_Kty>>'
          with
          [
              _Kty=std::string
          ]
c:\users\dannu\workspace\veryvanilla\mq2dannet\mq2dannet.h(68): warning C4251: 'MQ2DanNet::Node::_peers': class 'std::map<std::string,std::string,std::less<_Kty>,std::allocator<std::pair<const _Kty,_Ty>>>' needs to have dll-interface to be used by clients of class 'MQ2DanNet::Node'
          with
          [
              _Kty=std::string,
              _Ty=std::string
          ]
  c:\users\dannu\workspace\veryvanilla\mq2main\mq2globals.h(400): note: see declaration of 'std::map<std::string,std::string,std::less<_Kty>,std::allocator<std::pair<const _Kty,_Ty>>>'
          with
          [
              _Kty=std::string,
              _Ty=std::string
          ]
c:\users\dannu\workspace\veryvanilla\mq2dannet\mq2dannet.h(69): warning C4251: 'MQ2DanNet::Node::_group_peers': class 'std::map<std::string,std::set<std::string,std::less<_Kty>,std::allocator<_Kty>>,std::less<_Kty>,std::allocator<std::pair<const _Kty,_Ty>>>' needs to have dll-interface to be used by clients of class 'MQ2DanNet::Node'
          with
          [
              _Kty=std::string,
              _Ty=std::set<std::string,std::less<std::string>,std::allocator<std::string>>
          ]
  c:\users\dannu\workspace\veryvanilla\mq2dannet\mq2dannet.h(69): note: see declaration of 'std::map<std::string,std::set<std::string,std::less<_Kty>,std::allocator<_Kty>>,std::less<_Kty>,std::allocator<std::pair<const _Kty,_Ty>>>'
          with
          [
              _Kty=std::string,
              _Ty=std::set<std::string,std::less<std::string>,std::allocator<std::string>>
          ]
c:\users\dannu\workspace\veryvanilla\mq2dannet\mq2dannet.h(74): warning C4251: 'MQ2DanNet::Node::_command_map': class 'std::map<std::string,MQ2DanNet::Command *,std::less<_Kty>,std::allocator<std::pair<const _Kty,_Ty>>>' needs to have dll-interface to be used by clients of class 'MQ2DanNet::Node'
          with
          [
              _Kty=std::string,
              _Ty=MQ2DanNet::Command *
          ]
  c:\users\dannu\workspace\veryvanilla\mq2dannet\mq2dannet.h(74): note: see declaration of 'std::map<std::string,MQ2DanNet::Command *,std::less<_Kty>,std::allocator<std::pair<const _Kty,_Ty>>>'
          with
          [
              _Kty=std::string,
              _Ty=MQ2DanNet::Command *
          ]
     Creating library ..\Release\MQ2DanCommon.lib and object ..\Release\MQ2DanCommon.exp
  MQ2DanCommon.vcxproj -> C:\Users\dannu\workspace\VeryVanilla\MQ2DanCommon\..\Release\MQ2DanCommon.dll
