  MQ2DanNet.cpp
c:\users\dannu\workspace\veryvanilla\mq2dannet\mq2dannet.cpp(41): error C2365: 'zsock_signal': redefinition; previous definition was 'function'
  c:\users\dannu\workspace\veryvanilla\mq2dannet\zeromq\include\zsock.h(280): note: see declaration of 'zsock_signal'
c:\users\dannu\workspace\veryvanilla\mq2dannet\mq2dannet.cpp(42): error C2365: 'zpoller_new': redefinition; previous definition was 'function'
  c:\users\dannu\workspace\veryvanilla\mq2dannet\zeromq\include\zpoller.h(30): note: see declaration of 'zpoller_new'
c:\users\dannu\workspace\veryvanilla\mq2dannet\mq2dannet.cpp(43): error C2365: 'zpoller_wait': redefinition; previous definition was 'function'
  c:\users\dannu\workspace\veryvanilla\mq2dannet\zeromq\include\zpoller.h(63): note: see declaration of 'zpoller_wait'
c:\users\dannu\workspace\veryvanilla\mq2dannet\mq2dannet.cpp(44): error C2365: 'zpoller_set_nonstop': redefinition; previous definition was 'function'
  c:\users\dannu\workspace\veryvanilla\mq2dannet\zeromq\include\zpoller.h(51): note: see declaration of 'zpoller_set_nonstop'
c:\users\dannu\workspace\veryvanilla\mq2dannet\mq2dannet.cpp(45): error C2365: 'zpoller_add': redefinition; previous definition was 'function'
  c:\users\dannu\workspace\veryvanilla\mq2dannet\zeromq\include\zpoller.h(39): note: see declaration of 'zpoller_add'
c:\users\dannu\workspace\veryvanilla\mq2dannet\mq2dannet.cpp(46): error C2365: 'zpoller_expired': redefinition; previous definition was 'function'
  c:\users\dannu\workspace\veryvanilla\mq2dannet\zeromq\include\zpoller.h(68): note: see declaration of 'zpoller_expired'
c:\users\dannu\workspace\veryvanilla\mq2dannet\mq2dannet.cpp(47): error C2365: 'zpoller_terminated': redefinition; previous definition was 'function'
  c:\users\dannu\workspace\veryvanilla\mq2dannet\zeromq\include\zpoller.h(73): note: see declaration of 'zpoller_terminated'
c:\users\dannu\workspace\veryvanilla\mq2dannet\mq2dannet.cpp(48): error C2365: 'zpoller_destroy': redefinition; previous definition was 'function'
  c:\users\dannu\workspace\veryvanilla\mq2dannet\zeromq\include\zpoller.h(34): note: see declaration of 'zpoller_destroy'
c:\users\dannu\workspace\veryvanilla\mq2dannet\mq2dannet.cpp(49): error C2365: 'zmsg_recv': redefinition; previous definition was 'function'
  c:\users\dannu\workspace\veryvanilla\mq2dannet\zeromq\include\zmsg.h(37): note: see declaration of 'zmsg_recv'
c:\users\dannu\workspace\veryvanilla\mq2dannet\mq2dannet.cpp(50): error C2365: 'zmsg_send': redefinition; previous definition was 'function'
  c:\users\dannu\workspace\veryvanilla\mq2dannet\zeromq\include\zmsg.h(65): note: see declaration of 'zmsg_send'
c:\users\dannu\workspace\veryvanilla\mq2dannet\mq2dannet.cpp(51): error C2365: 'zmsg_popstr': redefinition; previous definition was 'function'
  c:\users\dannu\workspace\veryvanilla\mq2dannet\zeromq\include\zmsg.h(137): note: see declaration of 'zmsg_popstr'
c:\users\dannu\workspace\veryvanilla\mq2dannet\mq2dannet.cpp(52): error C2365: 'zmsg_destroy': redefinition; previous definition was 'function'
  c:\users\dannu\workspace\veryvanilla\mq2dannet\zeromq\include\zmsg.h(58): note: see declaration of 'zmsg_destroy'
c:\users\dannu\workspace\veryvanilla\mq2dannet\mq2dannet.cpp(53): error C2365: 'zyre_socket': redefinition; previous definition was 'function'
  c:\users\dannu\workspace\veryvanilla\mq2dannet\zeromq\include\zyre.h(203): note: see declaration of 'zyre_socket'
c:\users\dannu\workspace\veryvanilla\mq2dannet\mq2dannet.cpp(54): error C2365: 'zyre_event_new': redefinition; previous definition was 'function'
  c:\users\dannu\workspace\veryvanilla\mq2dannet\zeromq\include\zyre_event.h(32): note: see declaration of 'zyre_event_new'
c:\users\dannu\workspace\veryvanilla\mq2dannet\mq2dannet.cpp(55): error C2365: 'zyre_event_type': redefinition; previous definition was 'function'
  c:\users\dannu\workspace\veryvanilla\mq2dannet\zeromq\include\zyre_event.h(42): note: see declaration of 'zyre_event_type'
c:\users\dannu\workspace\veryvanilla\mq2dannet\mq2dannet.cpp(56): error C2365: 'zyre_event_peer_name': redefinition; previous definition was 'function'
  c:\users\dannu\workspace\veryvanilla\mq2dannet\zeromq\include\zyre_event.h(50): note: see declaration of 'zyre_event_peer_name'
c:\users\dannu\workspace\veryvanilla\mq2dannet\mq2dannet.cpp(57): error C2365: 'zyre_event_peer_uuid': redefinition; previous definition was 'function'
  c:\users\dannu\workspace\veryvanilla\mq2dannet\zeromq\include\zyre_event.h(46): note: see declaration of 'zyre_event_peer_uuid'
c:\users\dannu\workspace\veryvanilla\mq2dannet\mq2dannet.cpp(58): error C2365: 'zyre_event_group': redefinition; previous definition was 'function'
  c:\users\dannu\workspace\veryvanilla\mq2dannet\zeromq\include\zyre_event.h(67): note: see declaration of 'zyre_event_group'
c:\users\dannu\workspace\veryvanilla\mq2dannet\mq2dannet.cpp(59): error C2365: 'zyre_event_get_msg': redefinition; previous definition was 'function'
  c:\users\dannu\workspace\veryvanilla\mq2dannet\zeromq\include\zyre_event.h(79): note: see declaration of 'zyre_event_get_msg'
c:\users\dannu\workspace\veryvanilla\mq2dannet\mq2dannet.cpp(60): error C2365: 'zyre_event_destroy': redefinition; previous definition was 'function'
  c:\users\dannu\workspace\veryvanilla\mq2dannet\zeromq\include\zyre_event.h(36): note: see declaration of 'zyre_event_destroy'
c:\users\dannu\workspace\veryvanilla\mq2dannet\mq2dannet.cpp(61): error C2365: 'zyre_new': redefinition; previous definition was 'function'
  c:\users\dannu\workspace\veryvanilla\mq2dannet\zeromq\include\zyre.h(37): note: see declaration of 'zyre_new'
c:\users\dannu\workspace\veryvanilla\mq2dannet\mq2dannet.cpp(62): error C2365: 'zyre_set_header': redefinition; previous definition was 'function'
  c:\users\dannu\workspace\veryvanilla\mq2dannet\zeromq\include\zyre.h(61): note: see declaration of 'zyre_set_header'
c:\users\dannu\workspace\veryvanilla\mq2dannet\mq2dannet.cpp(63): error C2365: 'zyre_start': redefinition; previous definition was 'function'
  c:\users\dannu\workspace\veryvanilla\mq2dannet\zeromq\include\zyre.h(127): note: see declaration of 'zyre_start'
c:\users\dannu\workspace\veryvanilla\mq2dannet\mq2dannet.cpp(64): error C2365: 'zyre_join': redefinition; previous definition was 'function'
  c:\users\dannu\workspace\veryvanilla\mq2dannet\zeromq\include\zyre.h(138): note: see declaration of 'zyre_join'
c:\users\dannu\workspace\veryvanilla\mq2dannet\mq2dannet.cpp(65): error C2365: 'zyre_leave': redefinition; previous definition was 'function'
  c:\users\dannu\workspace\veryvanilla\mq2dannet\zeromq\include\zyre.h(142): note: see declaration of 'zyre_leave'
c:\users\dannu\workspace\veryvanilla\mq2dannet\mq2dannet.cpp(66): error C2365: 'zmsg_new': redefinition; previous definition was 'function'
  c:\users\dannu\workspace\veryvanilla\mq2dannet\zeromq\include\zmsg.h(30): note: see declaration of 'zmsg_new'
c:\users\dannu\workspace\veryvanilla\mq2dannet\mq2dannet.cpp(67): error C2365: 'zmsg_pushstr': redefinition; previous definition was 'function'
  c:\users\dannu\workspace\veryvanilla\mq2dannet\zeromq\include\zmsg.h(116): note: see declaration of 'zmsg_pushstr'
c:\users\dannu\workspace\veryvanilla\mq2dannet\mq2dannet.cpp(68): error C2365: 'zyre_shout': redefinition; previous definition was 'function'
  c:\users\dannu\workspace\veryvanilla\mq2dannet\zeromq\include\zyre.h(159): note: see declaration of 'zyre_shout'
c:\users\dannu\workspace\veryvanilla\mq2dannet\mq2dannet.cpp(69): error C2365: 'zmsg_new': redefinition; previous definition was 'function'
  c:\users\dannu\workspace\veryvanilla\mq2dannet\zeromq\include\zmsg.h(30): note: see declaration of 'zmsg_new'
c:\users\dannu\workspace\veryvanilla\mq2dannet\mq2dannet.cpp(70): error C2365: 'zmsg_pushstr': redefinition; previous definition was 'function'
  c:\users\dannu\workspace\veryvanilla\mq2dannet\zeromq\include\zmsg.h(116): note: see declaration of 'zmsg_pushstr'
c:\users\dannu\workspace\veryvanilla\mq2dannet\mq2dannet.cpp(71): error C2365: 'zyre_whisper': redefinition; previous definition was 'function'
  c:\users\dannu\workspace\veryvanilla\mq2dannet\zeromq\include\zyre.h(154): note: see declaration of 'zyre_whisper'
c:\users\dannu\workspace\veryvanilla\mq2dannet\mq2dannet.cpp(72): error C2365: 'zyre_uuid': redefinition; previous definition was 'function'
  c:\users\dannu\workspace\veryvanilla\mq2dannet\zeromq\include\zyre.h(46): note: see declaration of 'zyre_uuid'
c:\users\dannu\workspace\veryvanilla\mq2dannet\mq2dannet.cpp(73): error C2365: 'zyre_stop': redefinition; previous definition was 'function'
  c:\users\dannu\workspace\veryvanilla\mq2dannet\zeromq\include\zyre.h(133): note: see declaration of 'zyre_stop'
c:\users\dannu\workspace\veryvanilla\mq2dannet\mq2dannet.cpp(74): error C2365: 'zclock_sleep': redefinition; previous definition was 'function'
  c:\users\dannu\workspace\veryvanilla\mq2dannet\zeromq\include\zclock.h(28): note: see declaration of 'zclock_sleep'
c:\users\dannu\workspace\veryvanilla\mq2dannet\mq2dannet.cpp(75): error C2365: 'zyre_destroy': redefinition; previous definition was 'function'
  c:\users\dannu\workspace\veryvanilla\mq2dannet\zeromq\include\zyre.h(42): note: see declaration of 'zyre_destroy'
c:\users\dannu\workspace\veryvanilla\mq2dannet\mq2dannet.cpp(76): error C2365: 'zactor_new': redefinition; previous definition was 'function'
  c:\users\dannu\workspace\veryvanilla\mq2dannet\zeromq\include\zactor.h(34): note: see declaration of 'zactor_new'
c:\users\dannu\workspace\veryvanilla\mq2dannet\mq2dannet.cpp(77): error C2365: 'zactor_destroy': redefinition; previous definition was 'function'
  c:\users\dannu\workspace\veryvanilla\mq2dannet\zeromq\include\zactor.h(38): note: see declaration of 'zactor_destroy'
